SF:src\DynamicQuantities.jl
LH:0
LF:0
end_of_record
SF:src\affine_dimensions.jl
DA:36,28
DA:37,14
DA:44,0
DA:45,0
DA:48,0
DA:49,0
DA:50,0
DA:51,0
DA:54,0
DA:55,0
DA:56,0
DA:57,0
DA:62,0
DA:63,0
DA:64,0
DA:65,0
DA:68,0
DA:69,0
DA:72,0
DA:76,0
DA:77,0
DA:78,0
DA:79,0
DA:80,0
DA:84,0
DA:85,0
DA:89,14
DA:90,16
DA:91,14
DA:93,0
DA:94,0
DA:95,0
DA:97,0
DA:98,0
DA:100,0
DA:101,0
DA:102,0
DA:103,0
DA:104,0
DA:105,0
DA:106,0
DA:107,0
DA:109,0
DA:113,4
DA:114,6
DA:115,4
DA:116,4
DA:117,4
DA:128,0
DA:136,0
DA:137,0
DA:138,0
DA:139,0
DA:140,0
DA:148,6
DA:149,6
DA:150,6
DA:151,6
DA:157,0
DA:158,0
DA:162,0
DA:163,0
DA:164,0
DA:168,4
DA:169,4
DA:170,4
DA:171,4
DA:175,0
DA:176,0
DA:177,0
DA:183,0
DA:184,0
DA:186,0
DA:187,0
DA:189,0
DA:190,0
DA:192,0
DA:193,0
DA:206,0
DA:207,0
DA:208,0
DA:209,0
DA:210,0
DA:211,0
DA:214,0
DA:215,0
DA:216,0
DA:217,0
DA:218,0
DA:219,0
DA:223,0
DA:224,0
DA:228,0
DA:229,0
DA:233,0
DA:234,0
DA:238,0
DA:239,0
DA:240,0
DA:241,0
DA:248,2
DA:249,2
DA:250,2
DA:251,2
DA:259,0
DA:260,0
DA:261,0
DA:269,0
DA:270,0
DA:274,0
DA:277,0
DA:278,0
DA:279,0
DA:281,0
DA:285,0
DA:286,0
DA:287,4
DA:288,0
DA:289,0
DA:290,0
DA:327,6
DA:328,6
DA:329,6
DA:330,0
DA:331,0
DA:335,6
DA:338,6
DA:346,6
DA:348,6
DA:349,6
DA:350,6
DA:351,6
DA:354,6
DA:355,0
DA:356,0
DA:357,0
DA:358,0
DA:372,0
DA:373,0
DA:374,0
DA:375,0
DA:378,4
DA:379,0
DA:380,0
DA:399,2
DA:400,2
DA:401,0
DA:403,2
DA:404,2
DA:405,2
DA:409,6
DA:410,372
DA:411,6
DA:413,0
DA:417,0
DA:418,0
DA:421,6
DA:422,378
DA:423,6
DA:454,4
DA:455,4
DA:456,4
DA:457,4
LH:50
LF:163
end_of_record
SF:src\arrays.jl
DA:49,1420
DA:50,1420
DA:51,1420
DA:55,16
DA:57,294
DA:61,26
DA:64,218
DA:66,220
DA:67,216
DA:70,24
DA:71,24
DA:72,24
DA:73,24
DA:74,24
DA:75,24
DA:77,24
DA:81,24
DA:86,24
DA:88,228
DA:93,228
DA:94,228
DA:96,0
DA:97,0
DA:102,0
DA:103,0
DA:105,0
DA:111,26
DA:112,26
DA:114,24
DA:115,24
DA:116,24
DA:117,24
DA:118,24
DA:120,24
DA:126,20116
DA:127,8
DA:128,16476
DA:130,444
DA:131,12
DA:133,10576
DA:134,10468
DA:136,98
DA:137,50
DA:139,308
DA:140,126
DA:141,54
DA:145,4028
DA:148,9830
DA:149,9830
DA:150,9830
DA:151,18
DA:153,9812
DA:156,4866
DA:157,4866
DA:158,4866
DA:160,6
DA:161,6
DA:164,4866
DA:166,348
DA:171,18
DA:172,18
DA:185,24
DA:186,36
DA:187,24
DA:193,66
DA:194,144
DA:195,174
DA:196,48
DA:197,36
DA:205,30
DA:206,30
DA:207,42
DA:208,36
DA:209,18
DA:211,18
DA:212,66
DA:213,24
DA:214,24
DA:215,12
DA:220,6
DA:221,6
DA:222,6
DA:224,4
DA:231,18
DA:232,18
DA:235,12
DA:241,10
DA:243,12
DA:248,2
DA:250,2
DA:253,410
DA:255,288
DA:256,288
DA:257,288
DA:258,288
DA:259,288
DA:261,306
DA:262,306
DA:264,12
DA:269,396
DA:274,288
DA:277,8
DA:278,56
DA:279,348
DA:280,40
DA:283,20
DA:284,8
DA:285,16
DA:286,18
DA:287,76
DA:289,76
DA:290,76
DA:292,4
DA:295,82
DA:297,12
DA:298,12
DA:300,6
DA:301,6
DA:304,10
DA:307,54
DA:308,54
DA:309,66
DA:310,66
DA:313,24
DA:314,12
DA:315,12
DA:318,42
DA:319,42
DA:320,42
DA:324,14
DA:325,12
DA:329,0
DA:332,204
DA:334,68
DA:335,8
DA:337,62
DA:338,62
DA:340,122
DA:341,122
DA:342,186
DA:345,44
DA:346,304
DA:347,40
DA:348,56
DA:349,56
DA:350,1052
DA:360,280
DA:367,140
DA:368,0
DA:370,150
DA:371,256
DA:372,130
DA:373,194
DA:374,130
DA:379,18
DA:380,18
DA:381,18
DA:382,18
DA:383,18
DA:384,18
DA:385,18
DA:388,290
DA:389,290
DA:390,228
DA:392,62
DA:394,290
DA:405,8
DA:406,8
DA:407,64
DA:408,148
DA:414,60
DA:424,2
DA:426,12
DA:428,12
DA:429,12
DA:432,12
DA:433,12
DA:434,12
DA:435,12
DA:436,12
DA:438,12
DA:439,12
DA:440,12
DA:441,12
DA:442,12
DA:445,12
DA:446,12
DA:447,12
DA:448,12
DA:449,12
DA:450,12
DA:451,12
DA:452,12
DA:453,12
DA:455,2
DA:456,2
DA:457,12
DA:458,12
DA:460,10
DA:461,2
DA:462,2
DA:463,2
DA:464,2
DA:465,10
DA:466,4
DA:467,4
DA:468,4
DA:469,4
DA:471,2
DA:472,2
DA:473,2
DA:474,2
DA:476,8
DA:484,2
DA:486,12
DA:488,12
DA:489,12
DA:490,12
DA:491,12
DA:492,12
DA:493,12
DA:494,12
DA:497,12
DA:498,12
DA:499,12
DA:500,12
DA:501,12
DA:502,12
DA:512,2
DA:513,8
DA:514,8
DA:515,8
DA:517,8
DA:518,8
DA:520,8
DA:521,8
DA:523,8
DA:524,8
DA:525,8
DA:526,8
DA:527,8
DA:530,60
DA:535,2
DA:537,12
DA:539,12
DA:540,12
DA:541,12
DA:542,12
DA:543,12
DA:545,12
DA:546,12
LH:244
LF:251
end_of_record
SF:src\complex.jl
DA:4,8
DA:5,8
DA:6,10
DA:7,6
DA:9,4
DA:10,6
DA:11,2
DA:13,4
DA:14,6
DA:15,2
DA:20,2
LH:11
LF:11
end_of_record
SF:src\constants.jl
DA:19,0
DA:20,0
DA:21,0
DA:22,0
DA:23,0
DA:24,0
LH:0
LF:6
end_of_record
SF:src\deprecated.jl
LH:0
LF:0
end_of_record
SF:src\disambiguities.jl
DA:3,4
DA:4,4
DA:9,4
DA:10,4
DA:16,2
DA:17,2
DA:21,2
DA:22,12
DA:23,2
DA:24,2
DA:26,2
DA:27,2
DA:30,2
DA:31,2
DA:33,2
DA:34,2
DA:36,2
DA:37,2
DA:39,2
DA:40,2
DA:42,2
DA:43,2
DA:45,2
DA:46,2
DA:54,72
DA:55,72
DA:60,24
DA:61,24
DA:63,8
DA:64,8
DA:68,6
DA:69,8
DA:70,4
DA:73,12
DA:74,16
DA:75,8
DA:78,2
DA:79,2
DA:81,2
DA:82,2
DA:86,160
DA:87,160
DA:89,160
DA:90,160
DA:94,44
DA:95,48
DA:96,80
DA:98,44
DA:99,48
DA:100,80
DA:104,24
DA:105,24
DA:107,24
DA:108,24
LH:54
LF:54
end_of_record
SF:src\fixed_rational.jl
DA:15,235213
DA:17,320377
DA:25,85120
DA:26,60
DA:30,235213
DA:32,237401
DA:37,2
DA:38,4
DA:39,50704
DA:40,1070
DA:42,27446
DA:43,82507
DA:44,68962
DA:45,1120
DA:47,158
DA:49,84
DA:50,2930
DA:53,142209
DA:56,76884
DA:57,140
DA:58,124
DA:60,1126
DA:61,2
DA:62,3830
DA:63,8
DA:65,10
DA:66,6
DA:68,6
DA:70,10
DA:71,4
DA:74,60
DA:75,6
DA:78,16
DA:79,16
DA:81,12
DA:83,634
DA:84,634
DA:86,634
DA:87,634
DA:91,100
DA:92,100
DA:94,100
DA:95,100
DA:99,328
DA:100,328
DA:102,328
DA:103,328
DA:106,32
DA:108,32
DA:109,60
DA:110,30
DA:112,4
DA:114,57840
DA:115,1800
DA:116,228
DA:119,4
LH:56
LF:56
end_of_record
SF:src\internal_utils.jl
DA:9,516
DA:10,516
DA:11,22016
DA:12,832
DA:13,1668
DA:14,0
DA:16,1564
DA:19,516
LH:7
LF:8
end_of_record
SF:src\math.jl
DA:5,6730
DA:6,6730
DA:7,6730
DA:9,9684
DA:10,9684
DA:11,9684
DA:13,132
DA:14,132
DA:15,126
DA:19,2986
DA:20,2986
DA:22,14
DA:23,14
DA:25,18
DA:26,18
DA:29,3793
DA:30,3793
DA:32,52
DA:33,52
DA:35,18
DA:36,18
DA:39,2
DA:40,2
DA:42,22
DA:43,22
DA:46,6
DA:47,6
DA:49,2
DA:50,2
DA:55,13503
DA:56,10006
DA:63,7072
DA:64,7072
DA:65,7314
DA:66,6830
DA:68,864
DA:69,1212
DA:70,516
DA:72,696
DA:73,1044
DA:74,348
DA:79,122
DA:89,10
DA:91,598
DA:96,16
DA:97,16
DA:99,4022
DA:100,4022
DA:110,2
DA:112,5623
DA:115,10
DA:116,10
DA:118,3864
DA:119,3864
DA:120,3864
DA:122,3864
DA:126,10
DA:127,3862
DA:128,2
DA:129,14
DA:130,16
DA:131,12
DA:133,12
DA:134,14
DA:135,10
DA:139,406
DA:140,5464
DA:142,342
DA:143,188
DA:145,156
DA:146,156
DA:147,2
DA:148,2
DA:150,554
DA:151,2
DA:163,3474
DA:164,5202
DA:165,1746
DA:170,144
DA:171,216
DA:172,72
DA:174,592
DA:175,592
DA:176,592
DA:177,592
DA:179,576
DA:180,864
DA:181,288
DA:183,576
DA:184,864
DA:185,288
DA:189,24
DA:190,36
DA:191,12
DA:195,216
DA:196,288
DA:197,180
DA:198,108
DA:209,780
DA:210,780
DA:213,372
DA:218,232
DA:219,232
DA:220,232
DA:222,216
DA:223,216
DA:225,144
DA:226,144
DA:240,432
DA:241,432
DA:242,432
DA:243,432
DA:247,216
DA:248,324
DA:249,108
DA:251,216
DA:252,324
DA:253,108
DA:257,108
DA:258,108
DA:260,36
DA:261,36
DA:263,36
DA:264,36
DA:268,108
DA:269,108
DA:271,108
DA:272,108
DA:276,72
DA:277,144
DA:278,216
LH:131
LF:131
end_of_record
SF:src\register_units.jl
DA:7,6
DA:8,6
DA:9,6
DA:10,6
DA:11,6
DA:12,6
DA:13,6
DA:14,6
DA:15,6
DA:19,0
DA:20,0
DA:21,0
DA:56,6
DA:57,6
DA:60,10
DA:61,10
DA:62,10
DA:63,10
DA:64,4
DA:69,4
DA:71,6
DA:72,6
DA:79,6
DA:87,0
DA:88,0
DA:89,0
DA:90,0
DA:91,0
DA:92,0
DA:94,0
LH:20
LF:30
end_of_record
SF:src\symbolic_dimensions.jl
DA:6,0
DA:40,6700
DA:51,12
DA:55,2840
DA:56,2840
DA:57,2840
DA:58,2840
DA:59,2838
DA:60,2838
DA:61,76
DA:63,2762
DA:66,6
DA:67,6
DA:68,6
DA:69,6
DA:74,8
DA:75,6
DA:76,4880
DA:77,2
DA:78,4964
DA:79,2482
DA:80,2378
DA:82,208
DA:83,104
DA:84,104
DA:85,104
DA:87,10
DA:88,10
DA:89,10
DA:90,10
DA:94,8
DA:95,24
DA:96,1216
DA:97,0
DA:98,0
DA:99,6
DA:100,2
DA:101,9540
DA:102,634
DA:103,10394
DA:104,634
DA:107,2
DA:110,52
DA:111,52
DA:113,354
DA:114,354
DA:116,2
DA:117,354
DA:121,3502
DA:122,3502
DA:124,3514
DA:125,3514
DA:126,3514
DA:127,3514
DA:128,3514
DA:129,3514
DA:130,3514
DA:131,3514
DA:132,3514
DA:133,3514
DA:135,1868
DA:136,1868
DA:137,1868
DA:138,3518
DA:139,3698
DA:140,3698
DA:142,5530
DA:143,1868
DA:158,610
DA:159,610
DA:161,22
DA:176,128
DA:177,132
DA:178,124
DA:179,126
DA:180,122
DA:181,122
DA:182,122
DA:184,16
DA:185,16
DA:186,16
DA:187,16
DA:188,32
DA:189,16
DA:190,16
DA:194,4
DA:201,4
DA:215,12
DA:222,12
DA:225,4
DA:226,4
DA:238,30
DA:247,54
DA:251,54
DA:255,16
DA:256,2
DA:258,2260
DA:259,2260
DA:260,2260
DA:261,2260
DA:262,2260
DA:263,2260
DA:264,2260
DA:265,2260
DA:266,5666
DA:267,3450
DA:268,3450
DA:269,3450
DA:270,3408
DA:271,18
DA:273,3390
DA:274,3390
DA:275,42
DA:276,20
DA:277,12
DA:279,8
DA:281,22
DA:282,14
DA:284,8
DA:286,3406
DA:288,2224
DA:289,16
DA:290,8
DA:292,8
DA:293,8
DA:295,2216
DA:296,16
DA:297,8
DA:299,8
DA:300,8
DA:302,2200
DA:304,3618
DA:305,0
DA:308,34
DA:309,34
DA:312,10
DA:315,242
DA:316,242
DA:317,242
DA:318,242
DA:319,242
DA:320,242
DA:321,242
DA:322,242
DA:323,242
DA:324,242
DA:325,242
DA:326,242
DA:327,242
DA:328,506
DA:329,264
DA:330,264
DA:331,264
DA:332,120
DA:333,120
DA:334,8
DA:335,8
DA:337,120
DA:338,120
DA:339,144
DA:340,76
DA:341,76
DA:342,76
DA:343,76
DA:345,76
DA:347,68
DA:348,68
DA:349,68
DA:350,68
DA:352,68
DA:354,264
DA:356,450
DA:357,208
DA:358,208
DA:359,208
DA:360,208
DA:362,208
DA:363,208
DA:365,308
DA:366,66
DA:367,66
DA:368,66
DA:369,66
DA:371,66
DA:372,66
DA:374,242
DA:377,8
DA:378,6
DA:379,6
DA:392,2
DA:435,0
DA:436,0
DA:437,0
DA:441,0
DA:445,0
DA:450,6
DA:451,6
DA:455,6
DA:474,10
DA:475,16
DA:476,2
DA:477,2
DA:480,410
DA:481,342
DA:482,2
DA:484,92
DA:485,126
DA:486,4
DA:488,88
DA:489,60
DA:490,58
DA:492,30
DA:493,30
DA:496,314
DA:497,10856
DA:499,6
DA:500,2
DA:502,4
DA:504,308
DA:506,16
DA:507,16
DA:509,308
DA:510,10222
DA:511,308
DA:513,30
DA:514,642
DA:515,30
DA:536,282
DA:537,282
DA:538,280
DA:539,280
DA:542,4
DA:543,4
DA:545,626
DA:546,626
DA:548,16
DA:549,16
DA:551,3668
DA:552,3668
DA:554,3668
DA:555,3668
LH:232
LF:241
end_of_record
SF:src\types.jl
DA:109,40217
DA:118,17244
DA:119,11572
DA:120,4896
DA:121,3694
DA:122,3694
DA:124,3694
DA:136,324
DA:139,1184
DA:177,52668
DA:190,23583
DA:202,19677
DA:221,200
DA:222,12528
DA:223,956
DA:224,1120
DA:228,168
DA:229,228
DA:230,422
DA:237,28057
DA:238,28057
DA:240,73434
DA:241,73434
DA:242,73434
DA:245,680
DA:246,0
DA:256,0
DA:257,0
DA:258,0
DA:259,0
DA:269,12008
DA:270,12008
DA:272,13178
DA:273,13178
DA:275,12460
DA:276,12460
DA:278,6468
DA:279,6468
DA:283,414
DA:284,414
DA:286,122
DA:287,122
DA:289,2
DA:290,2
DA:300,41079
DA:301,41079
DA:308,3929
DA:309,2718
LH:43
LF:48
end_of_record
SF:src\units.jl
DA:22,6
DA:23,6
DA:24,6
DA:31,0
DA:32,0
DA:36,0
DA:37,0
DA:38,0
DA:39,0
DA:40,0
DA:41,0
DA:42,0
LH:3
LF:12
end_of_record
SF:src\uparse.jl
DA:1,4
DA:13,0
DA:14,0
DA:15,0
DA:16,0
DA:17,0
DA:18,0
DA:19,0
DA:39,12
DA:40,18
DA:41,4
DA:42,4
DA:45,10660
DA:46,62
DA:47,4
DA:61,2758
DA:62,2758
DA:63,2758
DA:64,2758
DA:67,2200
DA:68,2224
DA:69,4
DA:71,2196
DA:72,2190
DA:73,2176
DA:75,20
DA:76,20
DA:79,4830
DA:80,19774
DA:81,4826
DA:82,4
DA:83,2
DA:85,2
DA:88,94
DA:89,94
DA:91,4826
DA:92,23972
DA:93,4826
DA:95,20
DA:96,482
DA:97,20
LH:34
LF:41
end_of_record
SF:src\utils.jl
DA:3,28057
DA:4,28057
DA:5,28057
DA:6,28057
DA:14,27065
DA:16,100
DA:17,100
DA:18,100
DA:19,1066
DA:20,1066
DA:21,1712
DA:22,1712
DA:23,1066
DA:24,1066
DA:25,100
DA:28,712
DA:29,712
DA:31,4
DA:32,4
DA:34,90
DA:36,90
DA:51,0
DA:52,0
DA:53,0
DA:54,72
DA:68,0
DA:69,0
DA:70,0
DA:71,2
DA:74,7940
DA:75,7940
DA:101,2
DA:102,2
DA:106,832
DA:107,832
DA:109,832
DA:110,832
DA:117,38
DA:118,38
DA:119,50
DA:120,26
DA:134,3920
DA:135,3920
DA:136,3920
DA:138,3920
DA:139,3920
DA:140,3920
DA:142,31374
DA:144,572
DA:145,5178
DA:147,3694
DA:149,20
DA:153,20
DA:164,20
DA:165,26
DA:166,16
DA:167,12
DA:171,6
DA:172,8
DA:173,4
DA:175,2
DA:181,10
DA:182,8
DA:183,1229
DA:184,8
DA:186,8
DA:187,8
DA:189,201
DA:190,8
DA:191,209
DA:193,1367
DA:194,784
DA:196,254
DA:198,8
DA:201,1412
DA:202,1412
DA:203,166
DA:204,86
DA:206,1286
DA:215,3432
DA:216,3432
DA:217,3434
DA:218,5061
DA:220,667
DA:221,753
DA:222,661
DA:224,645
DA:225,701
DA:226,683
DA:234,3820
DA:235,3820
DA:236,4182
DA:238,358
DA:239,358
DA:241,320
DA:242,320
DA:252,1146
DA:253,1286
DA:261,2887
DA:262,1406
DA:263,1406
DA:264,1494
DA:266,4
DA:267,2
DA:268,2
DA:270,8
DA:271,4
DA:272,4
DA:279,16
DA:280,8
DA:291,1348
DA:293,5312
DA:294,0
DA:295,21753
DA:301,16
DA:302,2
DA:303,4
DA:306,6
DA:308,2
DA:311,20
DA:312,14
DA:315,246
DA:316,2
DA:317,10
DA:318,2
DA:321,20
DA:322,2
DA:323,10
DA:324,2
DA:326,2
DA:328,370
DA:330,4106
DA:331,712
DA:332,1228
DA:333,712
DA:334,1076
DA:335,740
DA:336,370
DA:337,370
DA:338,370
DA:340,360
DA:341,2
DA:343,712
DA:344,712
DA:345,712
DA:348,688
DA:349,516
DA:351,5912
DA:352,7878
DA:353,1368
DA:355,120
DA:356,2
DA:360,2
DA:361,18
DA:362,14898
DA:370,11030
DA:371,3506
DA:372,192
DA:374,12
DA:375,4
DA:383,129760
DA:384,2
DA:385,174
DA:394,168446
DA:395,2
DA:396,22
DA:397,314
DA:406,4218
DA:407,4276
DA:416,4126
DA:417,4150
DA:426,3648
DA:427,3666
DA:436,3642
DA:437,3660
DA:446,3640
DA:447,3658
DA:456,3640
DA:457,3658
DA:466,3640
DA:467,3658
LH:174
LF:181
end_of_record
SF:src\write_once_read_many.jl
DA:14,0
DA:15,0
DA:20,36
DA:23,34578
DA:26,16126
DA:27,2872
DA:30,18
DA:31,36
DA:32,18
DA:33,18
DA:36,5194
DA:37,32354
DA:39,84
LH:11
LF:13
end_of_record
SF:ext/DynamicQuantitiesLinearAlgebraExt.jl
DA:8,0
DA:9,254
DA:10,3262
DA:35,2
DA:38,0
DA:44,0
DA:48,8
DA:49,4
DA:50,4
DA:51,4
DA:79,4
DA:80,4
DA:81,4
DA:103,8
DA:106,48
DA:107,8
DA:146,2
DA:147,2
DA:149,2
DA:150,2
DA:152,4
DA:153,4
DA:154,4
DA:156,2
DA:157,2
DA:158,2
DA:191,4
DA:192,4
LH:25
LF:28
end_of_record
SF:ext/DynamicQuantitiesMeasurementsExt.jl
DA:6,8
DA:7,11
DA:8,10
DA:9,5
DA:11,2
DA:12,2
DA:15,3
DA:16,3
LH:8
LF:8
end_of_record
SF:ext/DynamicQuantitiesScientificTypesExt.jl
DA:7,2
DA:8,6
LH:2
LF:2
end_of_record
SF:ext/DynamicQuantitiesUnitfulExt.jl
DA:8,204
DA:9,204
DA:12,446
DA:13,2
DA:14,2
DA:15,14
DA:16,0
DA:18,16
DA:19,2
DA:22,202
DA:23,202
DA:24,202
DA:29,204
DA:30,204
DA:31,204
DA:32,204
DA:33,204
DA:34,2
DA:36,202
DA:37,202
DA:38,1414
DA:39,1414
DA:40,802
DA:41,1616
DA:42,202
DA:44,122
DA:45,122
DA:47,202
DA:48,202
DA:49,202
DA:50,200
DA:55,40
DA:57,242
DA:58,242
DA:59,242
DA:62,962
DA:63,962
DA:64,962
DA:65,722
DA:66,722
DA:67,722
DA:68,482
DA:69,482
DA:70,242
DA:71,2
LH:44
LF:45
end_of_record
