SF:src\DynamicQuantities.jl
LH:0
LF:0
end_of_record
SF:src\affine_dimensions.jl
DA:8,72
DA:9,36
DA:16,4
DA:17,6
DA:18,1
DA:21,1
DA:22,1
DA:23,1
DA:24,1
DA:28,1
DA:29,1
DA:30,1
DA:31,1
DA:34,1
DA:35,1
DA:39,3
DA:40,3
DA:41,3
DA:42,3
DA:45,3
DA:46,3
DA:49,3
DA:53,6
DA:54,6
DA:55,6
DA:56,6
DA:57,6
DA:61,5
DA:62,5
DA:66,828
DA:67,855
DA:68,825
DA:70,1
DA:71,1
DA:72,1
DA:74,7
DA:75,7
DA:77,7
DA:78,3
DA:79,4
DA:80,1
DA:81,3
DA:82,1
DA:83,2
DA:84,1
DA:86,1
DA:90,28
DA:91,113
DA:92,10
DA:93,781
DA:94,781
DA:96,1
DA:106,3
DA:114,1
DA:115,1
DA:116,1
DA:117,1
DA:118,1
DA:126,3
DA:127,3
DA:128,3
DA:129,3
DA:135,1
DA:136,1
DA:140,2
DA:141,2
DA:142,2
DA:146,788
DA:147,788
DA:148,788
DA:149,788
DA:153,7
DA:154,7
DA:155,7
DA:161,2
DA:162,2
DA:164,8
DA:165,8
DA:167,8
DA:168,8
DA:170,2
DA:171,2
DA:173,2
DA:174,2
DA:187,4
DA:188,4
DA:189,4
DA:190,4
DA:191,4
DA:192,4
DA:195,1
DA:196,1
DA:197,1
DA:198,1
DA:199,2
DA:200,1
DA:204,2
DA:205,2
DA:209,2
DA:210,2
DA:214,3
DA:215,3
DA:219,4
DA:220,5
DA:221,3
DA:222,3
DA:229,4
DA:230,4
DA:231,4
DA:232,4
DA:240,2
DA:241,2
DA:242,2
DA:249,1
DA:250,1
DA:251,1
DA:258,2
DA:259,2
DA:260,2
DA:268,4
DA:269,4
DA:273,1
DA:276,2
DA:277,2
DA:278,1
DA:280,1
DA:284,319
DA:285,108
DA:286,2
DA:287,5
DA:288,1
DA:289,1
DA:294,1
DA:327,8
DA:328,8
DA:329,8
DA:330,3
DA:331,3
DA:335,5
DA:338,5
DA:346,5
DA:348,5
DA:349,5
DA:350,5
DA:351,5
DA:354,3
DA:355,3
DA:356,2
DA:357,3
DA:358,1
DA:372,3
DA:373,5
DA:374,1
DA:375,1
DA:378,35
DA:397,8
DA:398,8
DA:399,1
DA:401,7
DA:402,9
DA:403,7
DA:407,40
DA:408,2665
DA:409,39
DA:411,1
DA:415,3
DA:416,3
DA:419,39
DA:420,2545
DA:421,39
DA:452,34
DA:453,34
DA:454,34
DA:455,34
LH:174
LF:174
end_of_record
SF:src\arrays.jl
DA:49,713
DA:50,713
DA:51,713
DA:55,8
DA:57,147
DA:61,13
DA:64,110
DA:66,111
DA:67,109
DA:70,12
DA:71,12
DA:72,12
DA:73,12
DA:74,12
DA:75,12
DA:77,12
DA:81,12
DA:86,12
DA:88,114
DA:93,114
DA:94,114
DA:96,0
DA:97,0
DA:102,0
DA:103,0
DA:105,0
DA:111,13
DA:112,13
DA:114,12
DA:115,12
DA:116,12
DA:117,12
DA:118,12
DA:120,12
DA:126,10048
DA:127,4
DA:128,8232
DA:130,221
DA:131,6
DA:133,5280
DA:134,5226
DA:136,49
DA:137,25
DA:139,155
DA:140,63
DA:141,27
DA:145,2010
DA:148,4906
DA:149,4906
DA:150,4906
DA:151,9
DA:153,4897
DA:156,2435
DA:157,2435
DA:158,2435
DA:160,3
DA:161,3
DA:164,2435
DA:166,173
DA:171,9
DA:172,9
DA:185,12
DA:186,18
DA:187,12
DA:193,33
DA:194,72
DA:195,87
DA:196,24
DA:197,18
DA:205,15
DA:206,15
DA:207,21
DA:208,18
DA:209,9
DA:211,9
DA:212,33
DA:213,12
DA:214,12
DA:215,6
DA:220,3
DA:221,3
DA:222,3
DA:224,2
DA:231,9
DA:232,9
DA:235,6
DA:241,5
DA:243,6
DA:248,1
DA:250,1
DA:253,206
DA:255,145
DA:256,145
DA:257,145
DA:258,145
DA:259,145
DA:261,154
DA:262,154
DA:264,6
DA:269,198
DA:274,145
DA:277,4
DA:278,28
DA:279,175
DA:280,20
DA:283,10
DA:284,4
DA:285,8
DA:286,9
DA:287,38
DA:289,38
DA:290,38
DA:292,2
DA:295,41
DA:297,6
DA:298,6
DA:300,3
DA:301,3
DA:304,5
DA:307,27
DA:308,27
DA:309,33
DA:310,33
DA:313,12
DA:314,6
DA:315,6
DA:318,21
DA:319,21
DA:320,21
DA:324,7
DA:325,6
DA:329,0
DA:332,102
DA:334,34
DA:335,4
DA:337,31
DA:338,31
DA:340,61
DA:341,61
DA:342,93
DA:345,22
DA:346,152
DA:347,20
DA:348,28
DA:349,28
DA:350,526
DA:360,140
DA:367,70
DA:368,0
DA:370,75
DA:371,128
DA:372,65
DA:373,97
DA:374,65
DA:379,9
DA:380,9
DA:381,9
DA:382,9
DA:383,9
DA:384,9
DA:385,9
DA:388,145
DA:389,145
DA:390,114
DA:392,31
DA:394,145
DA:405,4
DA:406,4
DA:407,32
DA:408,74
DA:414,30
DA:424,1
DA:426,6
DA:428,6
DA:429,6
DA:432,6
DA:433,6
DA:434,6
DA:435,6
DA:436,6
DA:438,6
DA:439,6
DA:440,6
DA:441,6
DA:442,6
DA:445,6
DA:446,6
DA:447,6
DA:448,6
DA:449,6
DA:450,6
DA:451,6
DA:452,6
DA:453,6
DA:455,1
DA:456,1
DA:457,6
DA:458,6
DA:460,5
DA:461,1
DA:462,1
DA:463,1
DA:464,1
DA:465,5
DA:466,2
DA:467,2
DA:468,2
DA:469,2
DA:471,1
DA:472,1
DA:473,1
DA:474,1
DA:476,4
DA:484,1
DA:486,6
DA:488,6
DA:489,6
DA:490,6
DA:491,6
DA:492,6
DA:493,6
DA:494,6
DA:497,6
DA:498,6
DA:499,6
DA:500,6
DA:501,6
DA:502,6
DA:512,1
DA:513,4
DA:514,4
DA:515,4
DA:517,4
DA:518,4
DA:520,4
DA:521,4
DA:523,4
DA:524,4
DA:525,4
DA:526,4
DA:527,4
DA:530,30
DA:535,1
DA:537,6
DA:539,6
DA:540,6
DA:541,6
DA:542,6
DA:543,6
DA:545,6
DA:546,6
LH:244
LF:251
end_of_record
SF:src\complex.jl
DA:4,4
DA:5,4
DA:6,5
DA:7,3
DA:9,2
DA:10,3
DA:11,1
DA:13,2
DA:14,3
DA:15,1
DA:20,1
LH:11
LF:11
end_of_record
SF:src\constants.jl
DA:19,0
DA:20,0
DA:21,0
DA:22,0
DA:23,0
DA:24,0
LH:0
LF:6
end_of_record
SF:src\deprecated.jl
LH:0
LF:0
end_of_record
SF:src\disambiguities.jl
DA:3,2
DA:4,2
DA:9,2
DA:10,2
DA:16,1
DA:17,1
DA:21,1
DA:22,6
DA:23,1
DA:24,1
DA:26,1
DA:27,1
DA:30,1
DA:31,1
DA:33,1
DA:34,1
DA:36,1
DA:37,1
DA:39,1
DA:40,1
DA:42,1
DA:43,1
DA:45,1
DA:46,1
DA:54,36
DA:55,36
DA:60,12
DA:61,12
DA:63,4
DA:64,4
DA:68,3
DA:69,4
DA:70,2
DA:73,6
DA:74,8
DA:75,4
DA:78,1
DA:79,1
DA:81,1
DA:82,1
DA:86,80
DA:87,80
DA:89,80
DA:90,80
DA:94,22
DA:95,24
DA:96,40
DA:98,22
DA:99,24
DA:100,40
DA:104,12
DA:105,12
DA:107,12
DA:108,12
LH:54
LF:54
end_of_record
SF:src\fixed_rational.jl
DA:15,117810
DA:17,160560
DA:25,42728
DA:26,30
DA:30,117810
DA:32,118910
DA:37,1
DA:38,2
DA:39,25433
DA:40,535
DA:42,13786
DA:43,41236
DA:44,34547
DA:45,574
DA:47,74
DA:49,42
DA:50,1465
DA:53,71579
DA:56,38504
DA:57,76
DA:58,64
DA:60,563
DA:61,1
DA:62,1937
DA:63,4
DA:65,5
DA:66,3
DA:68,3
DA:70,5
DA:71,2
DA:74,32
DA:75,3
DA:78,8
DA:79,8
DA:81,6
DA:83,317
DA:84,317
DA:86,317
DA:87,317
DA:91,52
DA:92,52
DA:94,52
DA:95,52
DA:99,166
DA:100,166
DA:102,166
DA:103,166
DA:106,16
DA:108,16
DA:109,30
DA:110,15
DA:112,2
DA:114,29012
DA:115,901
DA:116,116
DA:119,2
LH:56
LF:56
end_of_record
SF:src\internal_utils.jl
DA:9,260
DA:10,260
DA:11,11035
DA:12,418
DA:13,836
DA:14,0
DA:16,782
DA:19,260
LH:7
LF:8
end_of_record
SF:src\math.jl
DA:5,3364
DA:6,3364
DA:7,3364
DA:9,4852
DA:10,4852
DA:11,4852
DA:13,66
DA:14,66
DA:15,63
DA:19,1493
DA:20,1493
DA:22,7
DA:23,7
DA:25,9
DA:26,9
DA:29,1986
DA:30,1986
DA:32,26
DA:33,26
DA:35,9
DA:36,9
DA:39,1
DA:40,1
DA:42,11
DA:43,11
DA:46,3
DA:47,3
DA:49,1
DA:50,1
DA:55,6749
DA:56,5013
DA:63,3543
DA:64,3543
DA:65,3664
DA:66,3422
DA:68,432
DA:69,606
DA:70,258
DA:72,348
DA:73,522
DA:74,174
DA:79,61
DA:89,5
DA:91,299
DA:96,8
DA:97,8
DA:99,2020
DA:100,2020
DA:110,1
DA:112,2811
DA:115,5
DA:116,5
DA:118,1945
DA:119,1945
DA:120,1945
DA:122,1945
DA:126,5
DA:127,1944
DA:128,1
DA:129,7
DA:130,8
DA:131,6
DA:133,6
DA:134,7
DA:135,5
DA:139,203
DA:140,2740
DA:142,173
DA:143,96
DA:145,73
DA:146,73
DA:147,1
DA:148,1
DA:150,267
DA:151,1
DA:163,1737
DA:164,2601
DA:165,873
DA:170,72
DA:171,108
DA:172,36
DA:174,296
DA:175,296
DA:176,296
DA:177,296
DA:179,288
DA:180,432
DA:181,144
DA:183,288
DA:184,432
DA:185,144
DA:189,12
DA:190,18
DA:191,6
DA:195,108
DA:196,144
DA:197,90
DA:198,54
DA:209,390
DA:210,390
DA:213,186
DA:218,116
DA:219,116
DA:220,116
DA:222,108
DA:223,108
DA:225,72
DA:226,72
DA:240,216
DA:241,216
DA:242,216
DA:243,216
DA:247,108
DA:248,162
DA:249,54
DA:251,108
DA:252,162
DA:253,54
DA:257,54
DA:258,54
DA:260,18
DA:261,18
DA:263,18
DA:264,18
DA:268,54
DA:269,54
DA:271,54
DA:272,54
DA:276,36
DA:277,72
DA:278,108
LH:131
LF:131
end_of_record
SF:src\register_units.jl
DA:7,3
DA:8,3
DA:9,3
DA:10,3
DA:11,3
DA:12,3
DA:13,3
DA:14,3
DA:15,3
DA:19,2
DA:20,2
DA:21,2
DA:56,3
DA:57,3
DA:60,5
DA:61,5
DA:62,5
DA:63,5
DA:64,2
DA:69,2
DA:71,3
DA:72,3
DA:79,3
DA:83,2
DA:84,2
DA:87,3
DA:88,3
DA:89,3
DA:90,3
DA:91,1
DA:92,1
DA:94,2
LH:32
LF:32
end_of_record
SF:src\symbolic_dimensions.jl
DA:6,0
DA:40,3360
DA:51,6
DA:55,1420
DA:56,1420
DA:57,1420
DA:58,1420
DA:59,1419
DA:60,1419
DA:61,38
DA:63,1381
DA:66,3
DA:67,3
DA:68,3
DA:69,3
DA:74,4
DA:75,3
DA:76,2440
DA:77,1
DA:78,2482
DA:79,1241
DA:80,1189
DA:82,104
DA:83,52
DA:84,52
DA:85,52
DA:87,5
DA:88,5
DA:89,5
DA:90,5
DA:94,4
DA:95,12
DA:96,608
DA:97,0
DA:98,0
DA:99,3
DA:100,1
DA:101,4784
DA:102,326
DA:103,5211
DA:104,326
DA:107,1
DA:110,26
DA:111,26
DA:113,186
DA:114,186
DA:116,1
DA:117,186
DA:121,1751
DA:122,1751
DA:124,1757
DA:125,1757
DA:126,1757
DA:127,1757
DA:128,1757
DA:129,1757
DA:130,1757
DA:131,1757
DA:132,1757
DA:133,1757
DA:135,944
DA:136,944
DA:137,944
DA:138,1779
DA:139,1860
DA:140,1860
DA:142,2777
DA:143,944
DA:158,315
DA:159,315
DA:161,11
DA:176,66
DA:177,68
DA:178,64
DA:179,65
DA:180,63
DA:181,63
DA:182,63
DA:184,8
DA:185,8
DA:186,8
DA:187,8
DA:188,16
DA:189,8
DA:190,8
DA:194,2
DA:201,2
DA:215,6
DA:222,6
DA:225,2
DA:226,2
DA:238,16
DA:247,33
DA:251,33
DA:255,8
DA:256,1
DA:258,1131
DA:259,1131
DA:260,1131
DA:261,1131
DA:262,1131
DA:263,1131
DA:264,1131
DA:265,1131
DA:266,2835
DA:267,1726
DA:268,1726
DA:269,1726
DA:270,1705
DA:271,9
DA:273,1696
DA:274,1696
DA:275,21
DA:276,10
DA:277,6
DA:279,4
DA:281,11
DA:282,7
DA:284,4
DA:286,1704
DA:288,1113
DA:289,8
DA:290,4
DA:292,4
DA:293,4
DA:295,1109
DA:296,8
DA:297,4
DA:299,4
DA:300,4
DA:302,1101
DA:304,1809
DA:305,0
DA:308,17
DA:309,17
DA:312,5
DA:315,122
DA:316,122
DA:317,122
DA:318,122
DA:319,122
DA:320,122
DA:321,122
DA:322,122
DA:323,122
DA:324,122
DA:325,122
DA:326,122
DA:327,122
DA:328,255
DA:329,133
DA:330,133
DA:331,133
DA:332,60
DA:333,60
DA:334,4
DA:335,4
DA:337,60
DA:338,60
DA:339,73
DA:340,38
DA:341,38
DA:342,38
DA:343,38
DA:345,38
DA:347,35
DA:348,35
DA:349,35
DA:350,35
DA:352,35
DA:354,133
DA:356,227
DA:357,105
DA:358,105
DA:359,105
DA:360,105
DA:362,105
DA:363,105
DA:365,155
DA:366,33
DA:367,33
DA:368,33
DA:369,33
DA:371,33
DA:372,33
DA:374,122
DA:377,4
DA:378,3
DA:379,3
DA:392,1
DA:435,0
DA:436,0
DA:437,0
DA:441,0
DA:445,0
DA:450,3
DA:451,3
DA:455,3
DA:474,5
DA:475,8
DA:476,1
DA:477,1
DA:480,213
DA:481,180
DA:482,1
DA:484,47
DA:485,64
DA:486,2
DA:488,45
DA:489,31
DA:490,30
DA:492,15
DA:493,15
DA:496,166
DA:497,5595
DA:499,3
DA:500,1
DA:502,2
DA:504,163
DA:506,8
DA:507,8
DA:509,163
DA:510,5287
DA:511,163
DA:513,15
DA:514,321
DA:515,15
DA:536,149
DA:537,149
DA:538,148
DA:539,148
DA:542,2
DA:543,2
DA:545,313
DA:546,313
DA:548,8
DA:549,8
DA:551,1834
DA:552,1834
DA:554,1834
DA:555,1834
LH:232
LF:241
end_of_record
SF:src\types.jl
DA:109,20137
DA:118,8642
DA:119,5806
DA:120,2448
DA:121,1848
DA:122,1848
DA:124,1848
DA:136,162
DA:139,592
DA:177,27296
DA:190,11795
DA:202,9842
DA:221,100
DA:222,6264
DA:223,478
DA:224,560
DA:228,84
DA:229,117
DA:230,214
DA:237,14046
DA:238,14046
DA:240,36867
DA:241,36867
DA:242,36867
DA:245,341
DA:246,0
DA:256,0
DA:257,0
DA:258,0
DA:259,0
DA:269,6014
DA:270,6014
DA:272,7352
DA:273,7352
DA:275,6233
DA:276,6233
DA:278,3234
DA:279,3234
DA:283,207
DA:284,207
DA:286,61
DA:287,61
DA:289,1
DA:290,1
DA:300,20576
DA:301,20576
DA:308,1966
DA:309,1359
LH:43
LF:48
end_of_record
SF:src\units.jl
DA:22,3
DA:23,3
DA:24,3
DA:31,0
DA:32,0
DA:36,0
DA:37,0
DA:38,0
DA:39,0
DA:40,0
DA:41,0
DA:42,0
LH:3
LF:12
end_of_record
SF:src\uparse.jl
DA:1,2
DA:13,0
DA:14,0
DA:15,0
DA:16,0
DA:17,0
DA:18,0
DA:19,0
DA:39,6
DA:40,9
DA:41,2
DA:42,2
DA:45,5371
DA:46,31
DA:47,2
DA:61,1413
DA:62,1413
DA:63,1413
DA:64,1413
DA:67,1109
DA:68,1121
DA:69,2
DA:71,1107
DA:72,1104
DA:73,1097
DA:75,10
DA:76,10
DA:79,2456
DA:80,10121
DA:81,2454
DA:82,2
DA:83,1
DA:85,1
DA:88,49
DA:89,49
DA:91,2454
DA:92,12261
DA:93,2454
DA:95,10
DA:96,241
DA:97,10
LH:34
LF:41
end_of_record
SF:src\utils.jl
DA:3,14046
DA:4,14046
DA:5,14046
DA:6,14046
DA:14,13632
DA:16,52
DA:17,52
DA:18,52
DA:19,544
DA:20,544
DA:21,878
DA:22,878
DA:23,544
DA:24,544
DA:25,52
DA:28,356
DA:29,356
DA:31,2
DA:32,2
DA:34,45
DA:36,45
DA:51,0
DA:52,0
DA:53,0
DA:54,36
DA:68,0
DA:69,0
DA:70,0
DA:71,1
DA:74,3962
DA:75,3962
DA:101,1
DA:102,1
DA:106,404
DA:107,404
DA:109,404
DA:110,404
DA:117,19
DA:118,19
DA:119,25
DA:120,13
DA:134,1955
DA:135,1955
DA:136,1955
DA:138,1955
DA:139,1955
DA:140,1955
DA:142,16146
DA:144,290
DA:145,2625
DA:147,1848
DA:149,11
DA:153,10
DA:164,10
DA:165,13
DA:166,8
DA:167,6
DA:171,3
DA:172,4
DA:173,2
DA:175,1
DA:181,5
DA:182,4
DA:183,618
DA:184,4
DA:186,4
DA:187,4
DA:189,103
DA:190,4
DA:191,107
DA:193,720
DA:194,392
DA:196,127
DA:198,4
DA:201,713
DA:202,713
DA:203,83
DA:204,43
DA:206,650
DA:215,1713
DA:216,1713
DA:217,1714
DA:218,2526
DA:220,335
DA:221,378
DA:222,332
DA:224,324
DA:225,352
DA:226,344
DA:234,2342
DA:235,2342
DA:236,2523
DA:238,179
DA:239,179
DA:241,160
DA:242,160
DA:252,575
DA:253,635
DA:261,1447
DA:262,710
DA:263,710
DA:264,745
DA:266,2
DA:267,1
DA:268,1
DA:270,4
DA:271,2
DA:272,2
DA:279,8
DA:280,4
DA:291,659
DA:293,2659
DA:294,0
DA:295,10973
DA:301,8
DA:302,1
DA:303,2
DA:306,3
DA:308,1
DA:311,10
DA:312,7
DA:315,123
DA:316,1
DA:317,5
DA:318,1
DA:321,10
DA:322,1
DA:323,5
DA:324,1
DA:326,1
DA:328,189
DA:330,2085
DA:331,362
DA:332,622
DA:333,362
DA:334,548
DA:335,378
DA:336,189
DA:337,189
DA:338,189
DA:340,181
DA:341,1
DA:343,362
DA:344,362
DA:345,362
DA:348,346
DA:349,260
DA:351,2956
DA:352,3939
DA:353,684
DA:355,60
DA:356,1
DA:360,1
DA:361,9
DA:362,7449
DA:370,5506
DA:371,1753
DA:372,97
DA:374,6
DA:375,2
DA:383,66761
DA:384,1
DA:385,87
DA:394,85403
DA:395,1
DA:396,11
DA:397,157
DA:406,2109
DA:407,2138
DA:416,2063
DA:417,2075
DA:426,1824
DA:427,1833
DA:436,1821
DA:437,1830
DA:446,1820
DA:447,1829
DA:456,1820
DA:457,1829
DA:466,1820
DA:467,1829
LH:174
LF:181
end_of_record
SF:src\write_once_read_many.jl
DA:14,0
DA:15,0
DA:20,22
DA:23,20096
DA:26,8161
DA:27,1444
DA:30,11
DA:31,22
DA:32,11
DA:33,11
DA:36,2694
DA:37,20341
DA:39,50
LH:11
LF:13
end_of_record
SF:ext/DynamicQuantitiesLinearAlgebraExt.jl
DA:8,0
DA:9,127
DA:10,1623
DA:35,1
DA:38,0
DA:44,0
DA:48,4
DA:49,2
DA:50,2
DA:51,2
DA:79,2
DA:80,2
DA:81,2
DA:103,4
DA:106,24
DA:107,4
DA:146,1
DA:147,1
DA:149,1
DA:150,1
DA:152,2
DA:153,2
DA:154,2
DA:156,1
DA:157,1
DA:158,1
DA:191,2
DA:192,2
LH:25
LF:28
end_of_record
SF:ext/DynamicQuantitiesMeasurementsExt.jl
DA:6,8
DA:7,11
DA:8,10
DA:9,5
DA:11,2
DA:12,2
DA:15,3
DA:16,3
LH:8
LF:8
end_of_record
SF:ext/DynamicQuantitiesScientificTypesExt.jl
DA:7,2
DA:8,6
LH:2
LF:2
end_of_record
SF:ext/DynamicQuantitiesUnitfulExt.jl
DA:8,102
DA:9,102
DA:12,223
DA:13,1
DA:14,1
DA:15,7
DA:16,0
DA:18,8
DA:19,1
DA:22,101
DA:23,101
DA:24,101
DA:29,102
DA:30,102
DA:31,102
DA:32,102
DA:33,102
DA:34,1
DA:36,101
DA:37,101
DA:38,707
DA:39,707
DA:40,401
DA:41,808
DA:42,101
DA:44,61
DA:45,61
DA:47,101
DA:48,101
DA:49,101
DA:50,100
DA:55,20
DA:57,121
DA:58,121
DA:59,121
DA:62,481
DA:63,481
DA:64,481
DA:65,361
DA:66,361
DA:67,361
DA:68,241
DA:69,241
DA:70,121
DA:71,1
LH:44
LF:45
end_of_record
